<?xml version="1.0" encoding="UTF-8"?>
<!-- Generated by org.testng.reporters.JUnitReportReporter -->
<testsuite hostname="DESKTOP-HOFM65N" failures="0" tests="9" name="testAbv.NegativeTest" time="3.910" errors="0" timestamp="2021-01-22T12:23:53 EET" skipped="0">
  <testcase classname="testAbv.NegativeTest" name="emptyFieldValidation" time="0.357"/>
  <system-out/>
  <testcase classname="testAbv.NegativeTest" name="checkTelField" time="0.224"/>
  <system-out/>
  <testcase classname="testAbv.NegativeTest" name="checkTelField" time="0.131"/>
  <system-out/>
  <testcase classname="testAbv.NegativeTest" name="checkTelField" time="0.114"/>
  <system-out/>
  <testcase classname="testAbv.NegativeTest" name="checkTelField" time="0.159"/>
  <system-out/>
  <testcase classname="testAbv.NegativeTest" name="checkAbvUserField" time="0.124"/>
  <system-out/>
  <testcase classname="testAbv.NegativeTest" name="checkAbvUserField" time="0.173"/>
  <system-out/>
  <testcase classname="testAbv.NegativeTest" name="invalidRegistrationIndex" time="0.777"/>
  <system-out/>
  <testcase classname="testAbv.NegativeTest" name="invalidRegistrationIndex" time="1.851"/>
  <system-out/>
</testsuite> <!-- testAbv.NegativeTest -->
