<?xml version="1.0" encoding="UTF-8"?>
<!-- Generated by org.testng.reporters.JUnitReportReporter -->
<testsuite hostname="DESKTOP-HOFM65N" failures="0" tests="9" name="testAbv.NegativeTest" time="4.409" errors="0" timestamp="2021-01-23T14:02:14 EET" skipped="0">
  <testcase classname="testAbv.NegativeTest" name="emptyFieldValidation" time="0.608"/>
  <system-out/>
  <testcase classname="testAbv.NegativeTest" name="checkTelField" time="0.231"/>
  <system-out/>
  <testcase classname="testAbv.NegativeTest" name="checkTelField" time="0.135"/>
  <system-out/>
  <testcase classname="testAbv.NegativeTest" name="checkTelField" time="0.119"/>
  <system-out/>
  <testcase classname="testAbv.NegativeTest" name="checkTelField" time="0.183"/>
  <system-out/>
  <testcase classname="testAbv.NegativeTest" name="checkAbvUserField" time="0.127"/>
  <system-out/>
  <testcase classname="testAbv.NegativeTest" name="checkAbvUserField" time="0.211"/>
  <system-out/>
  <testcase classname="testAbv.NegativeTest" name="invalidRegistrationIndex" time="0.850"/>
  <system-out/>
  <testcase classname="testAbv.NegativeTest" name="invalidRegistrationIndex" time="1.945"/>
  <system-out/>
</testsuite> <!-- testAbv.NegativeTest -->
