<?xml version="1.0" encoding="UTF-8"?>
<!-- Generated by org.testng.reporters.JUnitReportReporter -->
<testsuite hostname="DESKTOP-HOFM65N" failures="0" tests="9" name="testAbv.NegativeTest" time="4.234" errors="0" timestamp="2021-01-31T20:52:10 EET" skipped="0">
  <testcase classname="testAbv.NegativeTest" name="emptyFieldValidation" time="0.337"/>
  <system-out/>
  <testcase classname="testAbv.NegativeTest" name="checkTelField" time="0.115"/>
  <system-out/>
  <testcase classname="testAbv.NegativeTest" name="checkTelField" time="0.154"/>
  <system-out/>
  <testcase classname="testAbv.NegativeTest" name="checkTelField" time="0.248"/>
  <system-out/>
  <testcase classname="testAbv.NegativeTest" name="checkTelField" time="0.102"/>
  <system-out/>
  <testcase classname="testAbv.NegativeTest" name="checkAbvUserField" time="0.180"/>
  <system-out/>
  <testcase classname="testAbv.NegativeTest" name="checkAbvUserField" time="0.136"/>
  <system-out/>
  <testcase classname="testAbv.NegativeTest" name="invalidRegistrationIndex" time="1.995"/>
  <system-out/>
  <testcase classname="testAbv.NegativeTest" name="invalidRegistrationIndex" time="0.967"/>
  <system-out/>
</testsuite> <!-- testAbv.NegativeTest -->
